<?xml version="1.0" encoding="UTF-8"?>
<!-- Generated by org.testng.reporters.JUnitXMLReporter -->
<testsuite ignored="2" hostname="DESKTOP-H572DK8" failures="0" tests="6" name="Test-2" time="90.671" errors="0" timestamp="2025-11-03T21:25:33 IST">
  <testcase classname="com.comcast.crm.producttest.CreateProductTest" name="createProductTest" time="6.997"/>
  <testcase classname="com.comcast.crm.producttest.CreateProductTest" name="createProductWithSupportDateTest" time="7.269"/>
  <testcase classname="com.comcast.crm.producttest.CreateProductTest" name="createProductWithVendorTest" time="10.83"/>
  <testcase classname="com.comcast.crm.documenttest.CreateDocumentsTest" name="createDocumentsTest" time="9.026"/>
  <testcase classname="com.comcast.crm.documenttest.CreateDocumentsTest" name="createDocumentsWithDescriptionTest" time="7.872"/>
  <testcase classname="com.comcast.crm.documenttest.CreateDocumentsTest" name="createDocumentsWithGroupTest" time="7.252"/>
  <testcase classname="com.comcast.crm.basetest.BaseClass" name="@BeforeSuite configBS" time="0.0">
    <ignored/>
  </testcase> <!-- @BeforeSuite configBS -->
  <testcase classname="com.comcast.crm.basetest.BaseClass" name="@AfterSuite configAS" time="0.0">
    <ignored/>
  </testcase> <!-- @AfterSuite configAS -->
</testsuite> <!-- Test-2 -->
