<?xml version="1.0" encoding="UTF-8"?>
<!-- Generated by org.testng.reporters.JUnitXMLReporter -->
<testsuite ignored="6" hostname="DESKTOP-H572DK8" failures="0" tests="13" name="TestRunner-Firefox" time="169.455" errors="0" timestamp="2025-11-03T21:29:46 IST">
  <testcase classname="com.comcast.crm.orgtest.CreateOrganzationTest" name="createOrgWithIndustryTest" time="7.829"/>
  <testcase classname="com.comcast.crm.orgtest.CreateOrganzationTest" name="createOrgWithPhoneNoTest" time="6.777"/>
  <testcase classname="com.comcast.crm.orgtest.CreateOrganzationTest" name="createOrganzationTest" time="5.832"/>
  <testcase classname="com.comcast.crm.orgtest.CreateOrganzationTest" name="deleteOrgTest" time="11.166"/>
  <testcase classname="com.comcast.crm.contacttest.CreateContactTest" name="createContactTest" time="8.243"/>
  <testcase classname="com.comcast.crm.contacttest.CreateContactTest" name="createContactWithOrgTest" time="14.298"/>
  <testcase classname="com.comcast.crm.contacttest.CreateContactTest" name="createContactWithSupportDateTest" time="9.677"/>
  <testcase classname="com.comcast.crm.producttest.CreateProductTest" name="createProductTest" time="5.895"/>
  <testcase classname="com.comcast.crm.producttest.CreateProductTest" name="createProductWithSupportDateTest" time="6.814"/>
  <testcase classname="com.comcast.crm.producttest.CreateProductTest" name="createProductWithVendorTest" time="10.82"/>
  <testcase classname="com.comcast.crm.documenttest.CreateDocumentsTest" name="createDocumentsTest" time="8.483"/>
  <testcase classname="com.comcast.crm.documenttest.CreateDocumentsTest" name="createDocumentsWithDescriptionTest" time="6.869"/>
  <testcase classname="com.comcast.crm.documenttest.CreateDocumentsTest" name="createDocumentsWithGroupTest" time="7.14"/>
  <testcase classname="com.comcast.crm.basetest.BaseClass" name="@BeforeSuite configBS" time="0.0">
    <ignored/>
  </testcase> <!-- @BeforeSuite configBS -->
  <testcase classname="com.comcast.crm.basetest.BaseClass" name="@AfterSuite configAS" time="0.0">
    <ignored/>
  </testcase> <!-- @AfterSuite configAS -->
  <testcase classname="com.comcast.crm.basetest.BaseClass" name="@BeforeSuite configBS" time="0.0">
    <ignored/>
  </testcase> <!-- @BeforeSuite configBS -->
  <testcase classname="com.comcast.crm.basetest.BaseClass" name="@AfterSuite configAS" time="0.0">
    <ignored/>
  </testcase> <!-- @AfterSuite configAS -->
  <testcase classname="com.comcast.crm.basetest.BaseClass" name="@AfterSuite configAS" time="0.0">
    <ignored/>
  </testcase> <!-- @AfterSuite configAS -->
  <testcase classname="com.comcast.crm.basetest.BaseClass" name="@BeforeSuite configBS" time="0.0">
    <ignored/>
  </testcase> <!-- @BeforeSuite configBS -->
</testsuite> <!-- TestRunner-Firefox -->
