<?xml version="1.0" encoding="UTF-8"?>
<!-- Generated by org.testng.reporters.JUnitXMLReporter -->
<testsuite ignored="6" hostname="DESKTOP-H572DK8" failures="0" tests="13" name="TestRunner-Chrome" time="171.66" errors="0" timestamp="2025-11-03T21:29:49 IST">
  <testcase classname="com.comcast.crm.orgtest.CreateOrganzationTest" name="createOrgWithIndustryTest" time="11.296"/>
  <testcase classname="com.comcast.crm.orgtest.CreateOrganzationTest" name="createOrgWithPhoneNoTest" time="5.533"/>
  <testcase classname="com.comcast.crm.orgtest.CreateOrganzationTest" name="createOrganzationTest" time="5.491"/>
  <testcase classname="com.comcast.crm.orgtest.CreateOrganzationTest" name="deleteOrgTest" time="11.09"/>
  <testcase classname="com.comcast.crm.contacttest.CreateContactTest" name="createContactTest" time="8.225"/>
  <testcase classname="com.comcast.crm.contacttest.CreateContactTest" name="createContactWithOrgTest" time="12.7"/>
  <testcase classname="com.comcast.crm.contacttest.CreateContactTest" name="createContactWithSupportDateTest" time="8.334"/>
  <testcase classname="com.comcast.crm.producttest.CreateProductTest" name="createProductTest" time="8.401"/>
  <testcase classname="com.comcast.crm.producttest.CreateProductTest" name="createProductWithSupportDateTest" time="7.591"/>
  <testcase classname="com.comcast.crm.producttest.CreateProductTest" name="createProductWithVendorTest" time="11.941"/>
  <testcase classname="com.comcast.crm.documenttest.CreateDocumentsTest" name="createDocumentsTest" time="10.456"/>
  <testcase classname="com.comcast.crm.documenttest.CreateDocumentsTest" name="createDocumentsWithDescriptionTest" time="6.988"/>
  <testcase classname="com.comcast.crm.documenttest.CreateDocumentsTest" name="createDocumentsWithGroupTest" time="8.066"/>
  <testcase classname="com.comcast.crm.basetest.BaseClass" name="@BeforeSuite configBS" time="0.0">
    <ignored/>
  </testcase> <!-- @BeforeSuite configBS -->
  <testcase classname="com.comcast.crm.basetest.BaseClass" name="@AfterSuite configAS" time="0.0">
    <ignored/>
  </testcase> <!-- @AfterSuite configAS -->
  <testcase classname="com.comcast.crm.basetest.BaseClass" name="@BeforeSuite configBS" time="0.0">
    <ignored/>
  </testcase> <!-- @BeforeSuite configBS -->
  <testcase classname="com.comcast.crm.basetest.BaseClass" name="@AfterSuite configAS" time="0.0">
    <ignored/>
  </testcase> <!-- @AfterSuite configAS -->
  <testcase classname="com.comcast.crm.basetest.BaseClass" name="@AfterSuite configAS" time="0.0">
    <ignored/>
  </testcase> <!-- @AfterSuite configAS -->
  <testcase classname="com.comcast.crm.basetest.BaseClass" name="@BeforeSuite configBS" time="0.0">
    <ignored/>
  </testcase> <!-- @BeforeSuite configBS -->
</testsuite> <!-- TestRunner-Chrome -->
