<?xml version="1.0" encoding="UTF-8"?>
<!-- Generated by org.testng.reporters.JUnitReportReporter -->
<testsuite hostname="DESKTOP-H572DK8" failures="0" tests="1" name="com.comcast.crm.documenttest.CreateDocumentsWithDescriptionTest" time="9.522" errors="0" timestamp="2025-10-27T16:13:50 IST" skipped="0">
  <testcase classname="com.comcast.crm.documenttest.CreateDocumentsWithDescriptionTest" name="createDocumentsWithDescriptionTest" time="9.522"/>
</testsuite> <!-- com.comcast.crm.documenttest.CreateDocumentsWithDescriptionTest -->
