<?xml version="1.0" encoding="UTF-8"?>
<!-- Generated by org.testng.reporters.JUnitReportReporter -->
<testsuite hostname="DESKTOP-H572DK8" failures="0" tests="1" name="com.comcast.crm.producttest.CreateProductWithVendorTest" time="13.798" errors="0" timestamp="2025-10-27T16:24:43 IST" skipped="0">
  <testcase classname="com.comcast.crm.producttest.CreateProductWithVendorTest" name="createProductWithVendorTest" time="13.798"/>
</testsuite> <!-- com.comcast.crm.producttest.CreateProductWithVendorTest -->
