<?xml version="1.0" encoding="UTF-8"?>
<!-- Generated by org.testng.reporters.JUnitReportReporter -->
<testsuite hostname="DESKTOP-H572DK8" failures="0" tests="1" name="com.comcast.crm.documenttest.CreateDocumentsWithGroupTest" time="10.770" errors="0" timestamp="2025-10-27T16:16:01 IST" skipped="0">
  <testcase classname="com.comcast.crm.documenttest.CreateDocumentsWithGroupTest" name="createDocumentsWithGroupTest" time="10.770"/>
</testsuite> <!-- com.comcast.crm.documenttest.CreateDocumentsWithGroupTest -->
