<?xml version="1.0" encoding="UTF-8"?>
<!-- Generated by org.testng.reporters.JUnitReportReporter -->
<testsuite hostname="DESKTOP-H572DK8" failures="0" tests="1" name="com.comcast.crm.producttest.CreateProductWithSupportDateTest" time="8.228" errors="0" timestamp="2025-10-27T16:19:51 IST" skipped="0">
  <testcase classname="com.comcast.crm.producttest.CreateProductWithSupportDateTest" name="createProductWithSupportDateTest" time="8.228"/>
</testsuite> <!-- com.comcast.crm.producttest.CreateProductWithSupportDateTest -->
