<?xml version="1.0" encoding="UTF-8"?>
<!-- Generated by org.testng.reporters.JUnitReportReporter -->
<testsuite hostname="DESKTOP-H572DK8" failures="0" tests="1" name="com.comcast.crm.contacttest.CreateContactWithSupportDateTest" time="8.425" errors="0" timestamp="2025-10-27T15:41:03 IST" skipped="0">
  <testcase classname="com.comcast.crm.contacttest.CreateContactWithSupportDateTest" name="createContactWithSupportDateTest" time="8.425"/>
</testsuite> <!-- com.comcast.crm.contacttest.CreateContactWithSupportDateTest -->
