<?xml version="1.0" encoding="UTF-8"?>
<!-- Generated by org.testng.reporters.JUnitReportReporter -->
<testsuite hostname="DESKTOP-H572DK8" failures="0" tests="4" name="com.comcast.crm.orgtest.CreateOrganzationTest" time="37.231" errors="0" timestamp="2025-11-04T14:40:19 IST" skipped="0">
  <testcase classname="com.comcast.crm.orgtest.CreateOrganzationTest" name="createOrganzationTest" time="7.799"/>
  <testcase classname="com.comcast.crm.orgtest.CreateOrganzationTest" name="createOrgWithPhoneNoTest" time="8.094"/>
  <testcase classname="com.comcast.crm.orgtest.CreateOrganzationTest" name="deleteOrgTest" time="12.227"/>
  <testcase classname="com.comcast.crm.orgtest.CreateOrganzationTest" name="createOrgWithIndustryTest" time="9.111"/>
  <system-out>
    <![CDATA[Contact header verified in CCT
Contact name verified in CCT
Organization name verified in CCWOT]]>
  </system-out>
</testsuite> <!-- com.comcast.crm.orgtest.CreateOrganzationTest -->
