<?xml version="1.0" encoding="UTF-8"?>
<!-- Generated by org.testng.reporters.JUnitReportReporter -->
<testsuite hostname="DESKTOP-H572DK8" failures="0" tests="3" name="com.comcast.crm.contacttest.CreateContactTest" time="32.192" errors="0" timestamp="2025-11-04T14:40:19 IST" skipped="0">
  <testcase classname="com.comcast.crm.contacttest.CreateContactTest" name="createContactWithOrgTest" time="14.292">
    <system-out>
      <![CDATA[Organization name verified in CCWOT]]>
    </system-out>
  </testcase> <!-- createContactWithOrgTest -->
  <testcase classname="com.comcast.crm.contacttest.CreateContactTest" name="createContactTest" time="8.848">
    <system-out>
      <![CDATA[Contact header verified in CCT
Contact name verified in CCT]]>
    </system-out>
  </testcase> <!-- createContactTest -->
  <testcase classname="com.comcast.crm.contacttest.CreateContactTest" name="createContactWithSupportDateTest" time="9.052"/>
  <system-out>
    <![CDATA[Contact header verified in CCT
Contact name verified in CCT
Organization name verified in CCWOT]]>
  </system-out>
</testsuite> <!-- com.comcast.crm.contacttest.CreateContactTest -->
