<?xml version="1.0" encoding="UTF-8"?>
<testng-results ignored="0" total="1" passed="1" failed="0" skipped="0">
  <reporter-output>
  </reporter-output>
  <suite started-at="2025-11-05T17:04:58 IST" name="Default suite" finished-at="2025-11-05T17:05:46 IST" duration-ms="48675">
    <groups>
    </groups>
    <test started-at="2025-11-05T17:04:58 IST" name="Default test" finished-at="2025-11-05T17:05:46 IST" duration-ms="48675">
      <class name="practice.test.Flipper">
        <test-method signature="getProdPrice()[pri:0, instance:practice.test.Flipper@4c12331b]" started-at="2025-11-05T17:04:58 IST" name="getProdPrice" finished-at="2025-11-05T17:05:46 IST" duration-ms="48549" status="PASS">
          <reporter-output>
          </reporter-output>
        </test-method> <!-- getProdPrice -->
      </class> <!-- practice.test.Flipper -->
    </test> <!-- Default test -->
  </suite> <!-- Default suite -->
</testng-results>
